<?xml version="1.0" encoding="UTF-8"?>
<testng-results skipped="0" failed="0" ignored="0" total="2" passed="2">
  <reporter-output>
  </reporter-output>
  <suite name="API Suite" duration-ms="6001" started-at="2020-09-19T07:05:10Z" finished-at="2020-09-19T07:05:16Z">
    <groups>
    </groups>
    <test name="API Tests" duration-ms="6001" started-at="2020-09-19T07:05:10Z" finished-at="2020-09-19T07:05:16Z">
      <class name="com.fullstack.batch3.APITest">
        <test-method status="PASS" signature="testLoginAPI()[pri:1, instance:com.fullstack.batch3.APITest@aa549e5]" name="testLoginAPI" duration-ms="3587" started-at="2020-09-19T07:05:10Z" finished-at="2020-09-19T07:05:14Z">
          <reporter-output>
          </reporter-output>
        </test-method> <!-- testLoginAPI -->
        <test-method status="PASS" signature="testDashboardAPI()[pri:2, instance:com.fullstack.batch3.APITest@aa549e5]" name="testDashboardAPI" duration-ms="2395" started-at="2020-09-19T07:05:14Z" finished-at="2020-09-19T07:05:16Z">
          <reporter-output>
          </reporter-output>
        </test-method> <!-- testDashboardAPI -->
      </class> <!-- com.fullstack.batch3.APITest -->
    </test> <!-- API Tests -->
  </suite> <!-- API Suite -->
</testng-results>
